android/app/build/intermediates/manifest_merge_blame_file/release/manifest-merger-blame-release-report.txt
1<?xml version="1.0" encoding="utf-8"?>
2<manifest xmlns:android="http://schemas.android.com/apk/res/android"
3    package="org.cochranblock.kova"
4    android:versionCode="7"
5    android:versionName="0.7.0" >
6
7    <uses-sdk
8        android:minSdkVersion="28"
9        android:targetSdkVersion="35" />
10
11    <uses-permission android:name="android.permission.INTERNET" />
11-->src/main/AndroidManifest.xml:5:5-67
11-->src/main/AndroidManifest.xml:5:22-64
12
13    <application
13-->src/main/AndroidManifest.xml:7:5-27:19
14        android:extractNativeLibs="false"
15        android:hasCode="false"
15-->src/main/AndroidManifest.xml:11:9-32
16        android:icon="@mipmap/ic_launcher"
16-->src/main/AndroidManifest.xml:9:9-43
17        android:label="@string/app_name"
17-->src/main/AndroidManifest.xml:8:9-41
18        android:roundIcon="@mipmap/ic_launcher"
18-->src/main/AndroidManifest.xml:10:9-48
19        android:theme="@style/Theme.Kova" >
19-->src/main/AndroidManifest.xml:12:9-42
20        <activity
20-->src/main/AndroidManifest.xml:13:9-26:20
21            android:name="android.app.NativeActivity"
21-->src/main/AndroidManifest.xml:14:13-54
22            android:configChanges="orientation|screenSize|screenLayout|keyboardHidden|keyboard|density"
22-->src/main/AndroidManifest.xml:16:13-104
23            android:exported="true"
23-->src/main/AndroidManifest.xml:15:13-36
24            android:screenOrientation="unspecified"
24-->src/main/AndroidManifest.xml:17:13-52
25            android:windowSoftInputMode="adjustResize" >
25-->src/main/AndroidManifest.xml:18:13-55
26            <meta-data
26-->src/main/AndroidManifest.xml:19:13-21:48
27                android:name="android.app.lib_name"
27-->src/main/AndroidManifest.xml:20:17-52
28                android:value="kova_android" />
28-->src/main/AndroidManifest.xml:21:17-45
29
30            <intent-filter>
30-->src/main/AndroidManifest.xml:22:13-25:29
31                <action android:name="android.intent.action.MAIN" />
31-->src/main/AndroidManifest.xml:23:17-69
31-->src/main/AndroidManifest.xml:23:25-66
32
33                <category android:name="android.intent.category.LAUNCHER" />
33-->src/main/AndroidManifest.xml:24:17-77
33-->src/main/AndroidManifest.xml:24:27-74
34            </intent-filter>
35        </activity>
36    </application>
37
38</manifest>